-------------------------------------------------------------------------------
Test set: com.flowers.jsonfeed.JSONFeedReader.JsonFeedReaderApplicationTests
-------------------------------------------------------------------------------
Tests run: 1, Failures: 0, Errors: 1, Skipped: 0, Time elapsed: 0.037 s <<< FAILURE! - in com.flowers.jsonfeed.JSONFeedReader.JsonFeedReaderApplicationTests
initializationError(com.flowers.jsonfeed.JSONFeedReader.JsonFeedReaderApplicationTests)  Time elapsed: 0.003 s  <<< ERROR!
java.lang.IllegalStateException: Unable to find a @SpringBootConfiguration, you need to use @ContextConfiguration or @SpringBootTest(classes=...) with your test

